Using pre-set license
Built from '2022.3/staging' branch; Version is '2022.3.7f1 (b16b3b16c7a0) revision 11627323'; Using compiler version '192829333'; Build Type 'Release'
OS: 'Windows 10  (10.0.19045) 64bit Core' Language: 'pl' Physical Memory: 7734 MB
BatchMode: 1, IsHumanControllingUs: 0, StartBugReporterOnCrash: 0, Is64bit: 1, IsPro: 1

COMMAND LINE ARGUMENTS:
C:\Program Files\Unity\Hub\Editor\2022.3.7f1\Editor\Unity.exe
-adb2
-batchMode
-noUpm
-name
AssetImportWorker3
-projectPath
C:/Users/oliwi/Documents/GitHub/BiteHACK/ihyiyg
-logFile
Logs/AssetImportWorker3.log
-srvPort
65531
Successfully changed project path to: C:/Users/oliwi/Documents/GitHub/BiteHACK/ihyiyg
C:/Users/oliwi/Documents/GitHub/BiteHACK/ihyiyg
[UnityMemory] Configuration Parameters - Can be set up in boot.config
    "memorysetup-bucket-allocator-granularity=16"
    "memorysetup-bucket-allocator-bucket-count=8"
    "memorysetup-bucket-allocator-block-size=33554432"
    "memorysetup-bucket-allocator-block-count=8"
    "memorysetup-main-allocator-block-size=16777216"
    "memorysetup-thread-allocator-block-size=16777216"
    "memorysetup-gfx-main-allocator-block-size=16777216"
    "memorysetup-gfx-thread-allocator-block-size=16777216"
    "memorysetup-cache-allocator-block-size=4194304"
    "memorysetup-typetree-allocator-block-size=2097152"
    "memorysetup-profiler-bucket-allocator-granularity=16"
    "memorysetup-profiler-bucket-allocator-bucket-count=8"
    "memorysetup-profiler-bucket-allocator-block-size=33554432"
    "memorysetup-profiler-bucket-allocator-block-count=8"
    "memorysetup-profiler-allocator-block-size=16777216"
    "memorysetup-profiler-editor-allocator-block-size=1048576"
    "memorysetup-temp-allocator-size-main=16777216"
    "memorysetup-job-temp-allocator-block-size=2097152"
    "memorysetup-job-temp-allocator-block-size-background=1048576"
    "memorysetup-job-temp-allocator-reduction-small-platforms=262144"
    "memorysetup-allocator-temp-initial-block-size-main=262144"
    "memorysetup-allocator-temp-initial-block-size-worker=262144"
    "memorysetup-temp-allocator-size-background-worker=32768"
    "memorysetup-temp-allocator-size-job-worker=262144"
    "memorysetup-temp-allocator-size-preload-manager=33554432"
    "memorysetup-temp-allocator-size-nav-mesh-worker=65536"
    "memorysetup-temp-allocator-size-audio-worker=65536"
    "memorysetup-temp-allocator-size-cloud-worker=32768"
    "memorysetup-temp-allocator-size-gi-baking-worker=262144"
    "memorysetup-temp-allocator-size-gfx=262144"
Player connection [28404] Host "[IP] 10.230.115.34 [Port] 0 [Flags] 2 [Guid] 580093199 [EditorId] 580093199 [Version] 1048832 [Id] WindowsEditor(7,LAPTOP-K93R0A3P) [Debug] 1 [PackageName] WindowsEditor [ProjectName] Editor" joined multi-casting on [225.0.0.222:54997]...

Player connection [28404] Host "[IP] 10.230.115.34 [Port] 0 [Flags] 2 [Guid] 580093199 [EditorId] 580093199 [Version] 1048832 [Id] WindowsEditor(7,LAPTOP-K93R0A3P) [Debug] 1 [PackageName] WindowsEditor [ProjectName] Editor" joined alternative multi-casting on [225.0.0.222:34997]...

Refreshing native plugins compatible for Editor in 58.73 ms, found 3 plugins.
Preloading 0 native plugins for Editor in 0.00 ms.
Initialize engine version: 2022.3.7f1 (b16b3b16c7a0)
[Subsystems] Discovering subsystems at path C:/Program Files/Unity/Hub/Editor/2022.3.7f1/Editor/Data/Resources/UnitySubsystems
[Subsystems] Discovering subsystems at path C:/Users/oliwi/Documents/GitHub/BiteHACK/ihyiyg/Assets
GfxDevice: creating device client; threaded=0; jobified=0
Direct3D:
    Version:  Direct3D 11.0 [level 11.1]
    Renderer: AMD Radeon(TM) Vega 8 Graphics (ID=0x15dd)
    Vendor:   ATI
    VRAM:     3867 MB
    Driver:   26.20.12036.1
Initialize mono
Mono path[0] = 'C:/Program Files/Unity/Hub/Editor/2022.3.7f1/Editor/Data/Managed'
Mono path[1] = 'C:/Program Files/Unity/Hub/Editor/2022.3.7f1/Editor/Data/MonoBleedingEdge/lib/mono/unityjit-win32'
Mono config path = 'C:/Program Files/Unity/Hub/Editor/2022.3.7f1/Editor/Data/MonoBleedingEdge/etc'
Using monoOptions --debugger-agent=transport=dt_socket,embedding=1,server=y,suspend=n,address=127.0.0.1:56492
Begin MonoManager ReloadAssembly
Registering precompiled unity dll's ...
Register platform support module: C:/Program Files/Unity/Hub/Editor/2022.3.7f1/Editor/Data/PlaybackEngines/WindowsStandaloneSupport/UnityEditor.WindowsStandalone.Extensions.dll
Registered in 0.044241 seconds.
- Loaded All Assemblies, in  1.740 seconds
Native extension for WindowsStandalone target not found
Mono: successfully reloaded assembly
- Finished resetting the current domain, in  1.146 seconds
Domain Reload Profiling: 2879ms
	BeginReloadAssembly (601ms)
		ExecutionOrderSort (0ms)
		DisableScriptedObjects (0ms)
		BackupInstance (0ms)
		ReleaseScriptingObjects (0ms)
		CreateAndSetChildDomain (3ms)
	RebuildCommonClasses (170ms)
	RebuildNativeTypeToScriptingClass (45ms)
	initialDomainReloadingComplete (286ms)
	LoadAllAssembliesAndSetupDomain (630ms)
		LoadAssemblies (591ms)
		RebuildTransferFunctionScriptingTraits (0ms)
		AnalyzeDomain (623ms)
			TypeCache.Refresh (617ms)
				TypeCache.ScanAssembly (560ms)
			ScanForSourceGeneratedMonoScriptInfo (2ms)
			ResolveRequiredComponents (2ms)
	FinalizeReload (1148ms)
		ReleaseScriptCaches (0ms)
		RebuildScriptCaches (0ms)
		SetupLoadedEditorAssemblies (904ms)
			LogAssemblyErrors (0ms)
			InitializePlatformSupportModulesInManaged (46ms)
			SetLoadedEditorAssemblies (32ms)
			RefreshPlugins (0ms)
			BeforeProcessingInitializeOnLoad (10ms)
			ProcessInitializeOnLoadAttributes (603ms)
			ProcessInitializeOnLoadMethodAttributes (212ms)
			AfterProcessingInitializeOnLoad (0ms)
			EditorAssembliesLoaded (1ms)
		ExecutionOrderSort2 (0ms)
		AwakeInstancesAfterBackupRestoration (0ms)
========================================================================
Worker process is ready to serve import requests
Begin MonoManager ReloadAssembly
Symbol file LoadedFromMemory doesn't match image C:\Users\oliwi\Documents\GitHub\BiteHACK\ihyiyg\Library\PackageCache\com.unity.visualscripting@1.8.0\Editor\VisualScripting.Core\Dependencies\YamlDotNet\Unity.VisualScripting.YamlDotNet.dll
Symbol file LoadedFromMemory doesn't match image C:\Users\oliwi\Documents\GitHub\BiteHACK\ihyiyg\Library\PackageCache\com.unity.visualscripting@1.8.0\Editor\VisualScripting.Core\Dependencies\DotNetZip\Unity.VisualScripting.IonicZip.dll
- Loaded All Assemblies, in  4.167 seconds
Refreshing native plugins compatible for Editor in 19.42 ms, found 3 plugins.
Native extension for WindowsStandalone target not found
Package Manager log level set to [2]
[Package Manager] Server::EnsureServerProcessIsRunning -- launch failed, reason: Unity was launched with the -noUpm command-line argument
[Package Manager] UpmClient::Send -- Unable to send message (not connected to UPM process).
[Package Manager] Cannot connect to Unity Package Manager local server
Mono: successfully reloaded assembly
- Finished resetting the current domain, in  4.530 seconds
Domain Reload Profiling: 8685ms
	BeginReloadAssembly (660ms)
		ExecutionOrderSort (0ms)
		DisableScriptedObjects (24ms)
		BackupInstance (0ms)
		ReleaseScriptingObjects (0ms)
		CreateAndSetChildDomain (85ms)
	RebuildCommonClasses (163ms)
	RebuildNativeTypeToScriptingClass (40ms)
	initialDomainReloadingComplete (189ms)
	LoadAllAssembliesAndSetupDomain (3099ms)
		LoadAssemblies (1496ms)
		RebuildTransferFunctionScriptingTraits (0ms)
		AnalyzeDomain (1925ms)
			TypeCache.Refresh (1257ms)
				TypeCache.ScanAssembly (896ms)
			ScanForSourceGeneratedMonoScriptInfo (643ms)
			ResolveRequiredComponents (18ms)
	FinalizeReload (4533ms)
		ReleaseScriptCaches (0ms)
		RebuildScriptCaches (0ms)
		SetupLoadedEditorAssemblies (3241ms)
			LogAssemblyErrors (0ms)
			InitializePlatformSupportModulesInManaged (45ms)
			SetLoadedEditorAssemblies (28ms)
			RefreshPlugins (0ms)
			BeforeProcessingInitializeOnLoad (439ms)
			ProcessInitializeOnLoadAttributes (2653ms)
			ProcessInitializeOnLoadMethodAttributes (51ms)
			AfterProcessingInitializeOnLoad (25ms)
			EditorAssembliesLoaded (1ms)
		ExecutionOrderSort2 (0ms)
		AwakeInstancesAfterBackupRestoration (18ms)
Launched and connected shader compiler UnityShaderCompiler.exe after 0.12 seconds
Refreshing native plugins compatible for Editor in 11.19 ms, found 3 plugins.
Preloading 0 native plugins for Editor in 0.00 ms.
Unloading 3099 Unused Serialized files (Serialized files now loaded: 0)
Unloading 31 unused Assets / (56.4 KB). Loaded Objects now: 3562.
Memory consumption went from 118.4 MB to 118.4 MB.
Total: 11.836800 ms (FindLiveObjects: 0.669400 ms CreateObjectMapping: 0.466000 ms MarkObjects: 10.456400 ms  DeleteObjects: 0.242900 ms)

AssetImportParameters requested are different than current active one (requested -> active):
  custom:container-demuxer-ogg: 62fdf1f143b41e24485cea50d1cbac27 -> 
  custom:video-codec-MediaFoundation-h265: 746d11721c4dcdbdad8f713fa42b33f4 -> 
  custom:video-decoder-ogg-theora: a1e56fd34408186e4bbccfd4996cb3dc -> 
  custom:framework-win-MediaFoundation: 216162199b28c13a410421893ffa2e32 -> 
  custom:CustomObjectIndexerAttribute: 756ad292c208cfabdd7b50bc23989ffe -> 
  custom:container-demuxer-webm: 4f35f7cbe854078d1ac9338744f61a02 -> 
  custom:container-muxer-webm: aa71ff27fc2769a1b78a27578f13a17b -> 
  custom:video-decoder-webm-vp8: 9c59270c3fd7afecdb556c50c9e8de78 -> 
  custom:SearchIndexIgnoredProperties: e643bd26f0fe6173181afceb89e7c659 -> 
  custom:AudioImporter_EditorPlatform: d09bf68614088b80899f8185d706f6e7 -> 
  custom:video-encoder-webm-vp8: eb34c28f22e8b96e1ab97ce403110664 -> 
  custom:audio-decoder-ogg-vorbis: bf7c407c2cedff20999df2af8eb42d56 -> 
  custom:audio-encoder-webm-vorbis: bf7c407c2cedff20999df2af8eb42d56 -> 
========================================================================
Received Import Request.
  Time since last request: 99468.711443 seconds.
  path: Assets/Sprites/Gnomes/Nowy folder/beachgoerGnomeWithAxeSelected.png
  artifactKey: Guid(69bbb20eea9e58d4cbe7f4092630f012) Importer(815301076,1909f56bfc062723c751e8b465ee728b)
Start importing Assets/Sprites/Gnomes/Nowy folder/beachgoerGnomeWithAxeSelected.png using Guid(69bbb20eea9e58d4cbe7f4092630f012) Importer(815301076,1909f56bfc062723c751e8b465ee728b)  -> (artifact id: '4841b1675c254180c9e3064c174ef663') in 0.486170 seconds
Number of updated asset objects reloaded before import = 0
Number of asset objects unloaded after import = 2
========================================================================
Received Import Request.
  Time since last request: 0.000671 seconds.
  path: Assets/Sprites/Gnomes/Nowy folder/manGnomeWithShovelSelected.png
  artifactKey: Guid(0c63939cef2a8e241be994929be8e9a4) Importer(815301076,1909f56bfc062723c751e8b465ee728b)
Start importing Assets/Sprites/Gnomes/Nowy folder/manGnomeWithShovelSelected.png using Guid(0c63939cef2a8e241be994929be8e9a4) Importer(815301076,1909f56bfc062723c751e8b465ee728b)  -> (artifact id: '82a7e7ba4fb2a81d4b41082bf30def1f') in 0.065452 seconds
Number of updated asset objects reloaded before import = 0
Number of asset objects unloaded after import = 2
========================================================================
Received Import Request.
  Time since last request: 0.000326 seconds.
  path: Assets/Sprites/Gnomes/Nowy folder/girlGnomeWithShovelSelected.png
  artifactKey: Guid(b6a607c3980cfc9479fc5c2fd1617f93) Importer(815301076,1909f56bfc062723c751e8b465ee728b)
Start importing Assets/Sprites/Gnomes/Nowy folder/girlGnomeWithShovelSelected.png using Guid(b6a607c3980cfc9479fc5c2fd1617f93) Importer(815301076,1909f56bfc062723c751e8b465ee728b)  -> (artifact id: '7544de93d46033174f72c93768d572aa') in 0.049885 seconds
Number of updated asset objects reloaded before import = 0
Number of asset objects unloaded after import = 2
========================================================================
Received Import Request.
  Time since last request: 0.000044 seconds.
  path: Assets/Sprites/Gnomes/Nowy folder/manGnomeWithPrunerSelected.png
  artifactKey: Guid(578a429e7dd1b7541878bf0db29d2a52) Importer(815301076,1909f56bfc062723c751e8b465ee728b)
Start importing Assets/Sprites/Gnomes/Nowy folder/manGnomeWithPrunerSelected.png using Guid(578a429e7dd1b7541878bf0db29d2a52) Importer(815301076,1909f56bfc062723c751e8b465ee728b)  -> (artifact id: '2137822978062f5ccb64671e50e5a00a') in 0.059066 seconds
Number of updated asset objects reloaded before import = 0
Number of asset objects unloaded after import = 2
========================================================================
Received Import Request.
  Time since last request: 0.000458 seconds.
  path: Assets/Sprites/Gnomes/Nowy folder/bodybuilderGnomeWithPrunerSelected.png
  artifactKey: Guid(d889e5eb490ce8947bf735e384ca5ba4) Importer(815301076,1909f56bfc062723c751e8b465ee728b)
Start importing Assets/Sprites/Gnomes/Nowy folder/bodybuilderGnomeWithPrunerSelected.png using Guid(d889e5eb490ce8947bf735e384ca5ba4) Importer(815301076,1909f56bfc062723c751e8b465ee728b)  -> (artifact id: '81ee87a36b5cab2c4107f2832927ce1f') in 0.050524 seconds
Number of updated asset objects reloaded before import = 0
Number of asset objects unloaded after import = 2
========================================================================
Received Import Request.
  Time since last request: 0.000705 seconds.
  path: Assets/Sprites/Gnomes/Nowy folder/beachgoerGnomeWithShovelSelected.png
  artifactKey: Guid(0927666fdd75d8045b7b8175df38932c) Importer(815301076,1909f56bfc062723c751e8b465ee728b)
Start importing Assets/Sprites/Gnomes/Nowy folder/beachgoerGnomeWithShovelSelected.png using Guid(0927666fdd75d8045b7b8175df38932c) Importer(815301076,1909f56bfc062723c751e8b465ee728b)  -> (artifact id: '9b04cc0edc8b884a405694439c493b58') in 0.047832 seconds
Number of updated asset objects reloaded before import = 0
Number of asset objects unloaded after import = 2
========================================================================
Received Import Request.
  Time since last request: 0.000052 seconds.
  path: Assets/Sprites/Gnomes/Nowy folder/beachgoerGnomeWithPrunerSelected.png
  artifactKey: Guid(3c8e536c4a523994099aec82efa2fcd2) Importer(815301076,1909f56bfc062723c751e8b465ee728b)
Start importing Assets/Sprites/Gnomes/Nowy folder/beachgoerGnomeWithPrunerSelected.png using Guid(3c8e536c4a523994099aec82efa2fcd2) Importer(815301076,1909f56bfc062723c751e8b465ee728b)  -> (artifact id: '10164670a118dd494d2c5524fd51a418') in 0.055973 seconds
Number of updated asset objects reloaded before import = 0
Number of asset objects unloaded after import = 2
========================================================================
Received Import Request.
  Time since last request: 0.000384 seconds.
  path: Assets/Sprites/Gnomes/Nowy folder/girlGnomeWithPrunerSelected.png
  artifactKey: Guid(a9b534a1cbd527248a7cb91e2e247228) Importer(815301076,1909f56bfc062723c751e8b465ee728b)
Start importing Assets/Sprites/Gnomes/Nowy folder/girlGnomeWithPrunerSelected.png using Guid(a9b534a1cbd527248a7cb91e2e247228) Importer(815301076,1909f56bfc062723c751e8b465ee728b)  -> (artifact id: 'e004408fdcdc9447730650597121dfa0') in 0.052827 seconds
Number of updated asset objects reloaded before import = 0
Number of asset objects unloaded after import = 2
========================================================================
Received Import Request.
  Time since last request: 48.724144 seconds.
  path: Assets/Sprites/Gnomes/beachgoerGnomeWithPrunerSelected.png
  artifactKey: Guid(3c8e536c4a523994099aec82efa2fcd2) Importer(815301076,1909f56bfc062723c751e8b465ee728b)
Start importing Assets/Sprites/Gnomes/beachgoerGnomeWithPrunerSelected.png using Guid(3c8e536c4a523994099aec82efa2fcd2) Importer(815301076,1909f56bfc062723c751e8b465ee728b)  -> (artifact id: '0e94a37cdf63e66f12f2bdb04f1a7b9f') in 0.274136 seconds
Number of updated asset objects reloaded before import = 0
Number of asset objects unloaded after import = 3
========================================================================
Received Import Request.
  Time since last request: 0.000057 seconds.
  path: Assets/Sprites/Gnomes/bodybuilderGnomeWithShovelSelected.png
  artifactKey: Guid(53b74b5745026a944a95b0ceef40cbdf) Importer(815301076,1909f56bfc062723c751e8b465ee728b)
Start importing Assets/Sprites/Gnomes/bodybuilderGnomeWithShovelSelected.png using Guid(53b74b5745026a944a95b0ceef40cbdf) Importer(815301076,1909f56bfc062723c751e8b465ee728b)  -> (artifact id: '8ca3f75fd7a60dfcb662729d75c8a1a7') in 0.110657 seconds
Number of updated asset objects reloaded before import = 0
Number of asset objects unloaded after import = 3
========================================================================
Received Import Request.
  Time since last request: 0.000044 seconds.
  path: Assets/Sprites/Gnomes/shepherdGnomeWithShovelSelected.png
  artifactKey: Guid(a2532400797e2a04a9303fd46c3b6f4f) Importer(815301076,1909f56bfc062723c751e8b465ee728b)
Start importing Assets/Sprites/Gnomes/shepherdGnomeWithShovelSelected.png using Guid(a2532400797e2a04a9303fd46c3b6f4f) Importer(815301076,1909f56bfc062723c751e8b465ee728b)  -> (artifact id: '3698fb3984f0dea80f0fb03fbf983e94') in 0.121870 seconds
Number of updated asset objects reloaded before import = 0
Number of asset objects unloaded after import = 3
========================================================================
Received Import Request.
  Time since last request: 0.000034 seconds.
  path: Assets/Sprites/Gnomes/shepherdGnomeWithPrunerSelected.png
  artifactKey: Guid(3f847f3773f9d3b419a5590c3763c829) Importer(815301076,1909f56bfc062723c751e8b465ee728b)
Start importing Assets/Sprites/Gnomes/shepherdGnomeWithPrunerSelected.png using Guid(3f847f3773f9d3b419a5590c3763c829) Importer(815301076,1909f56bfc062723c751e8b465ee728b)  -> (artifact id: '22bbd05877b4522f952eb8df92490e4a') in 0.118751 seconds
Number of updated asset objects reloaded before import = 0
Number of asset objects unloaded after import = 3
========================================================================
Received Import Request.
  Time since last request: 0.000040 seconds.
  path: Assets/Sprites/Gnomes/bodybuilderGnomeWithAxeSelected.png
  artifactKey: Guid(c9bfa850d09b3c84d84d335fde301c75) Importer(815301076,1909f56bfc062723c751e8b465ee728b)
Start importing Assets/Sprites/Gnomes/bodybuilderGnomeWithAxeSelected.png using Guid(c9bfa850d09b3c84d84d335fde301c75) Importer(815301076,1909f56bfc062723c751e8b465ee728b)  -> (artifact id: 'c28521732431e4aa52fb07538313fcde') in 0.121124 seconds
Number of updated asset objects reloaded before import = 0
Number of asset objects unloaded after import = 3
Editor requested this worker to shutdown with reason: Scaling down because of idle timeout
TcpMessagingSession - receive error
AssetImportWorkerClient::OnTransportError - code=2 error=End of file
AssetImportWorker is now disconnected from the server
Process exiting
Exiting without the bug reporter. Application will terminate with return code 0