Using pre-set license
Built from '2022.3/staging' branch; Version is '2022.3.7f1 (b16b3b16c7a0) revision 11627323'; Using compiler version '192829333'; Build Type 'Release'
OS: 'Windows 10  (10.0.19045) 64bit Core' Language: 'pl' Physical Memory: 7734 MB
BatchMode: 1, IsHumanControllingUs: 0, StartBugReporterOnCrash: 0, Is64bit: 1, IsPro: 1

COMMAND LINE ARGUMENTS:
C:\Program Files\Unity\Hub\Editor\2022.3.7f1\Editor\Unity.exe
-adb2
-batchMode
-noUpm
-name
AssetImportWorker2
-projectPath
C:/Users/oliwi/Documents/GitHub/BiteHACK/ihyiyg
-logFile
Logs/AssetImportWorker2.log
-srvPort
65531
Successfully changed project path to: C:/Users/oliwi/Documents/GitHub/BiteHACK/ihyiyg
C:/Users/oliwi/Documents/GitHub/BiteHACK/ihyiyg
[UnityMemory] Configuration Parameters - Can be set up in boot.config
    "memorysetup-bucket-allocator-granularity=16"
    "memorysetup-bucket-allocator-bucket-count=8"
    "memorysetup-bucket-allocator-block-size=33554432"
    "memorysetup-bucket-allocator-block-count=8"
    "memorysetup-main-allocator-block-size=16777216"
    "memorysetup-thread-allocator-block-size=16777216"
    "memorysetup-gfx-main-allocator-block-size=16777216"
    "memorysetup-gfx-thread-allocator-block-size=16777216"
    "memorysetup-cache-allocator-block-size=4194304"
    "memorysetup-typetree-allocator-block-size=2097152"
    "memorysetup-profiler-bucket-allocator-granularity=16"
    "memorysetup-profiler-bucket-allocator-bucket-count=8"
    "memorysetup-profiler-bucket-allocator-block-size=33554432"
    "memorysetup-profiler-bucket-allocator-block-count=8"
    "memorysetup-profiler-allocator-block-size=16777216"
    "memorysetup-profiler-editor-allocator-block-size=1048576"
    "memorysetup-temp-allocator-size-main=16777216"
    "memorysetup-job-temp-allocator-block-size=2097152"
    "memorysetup-job-temp-allocator-block-size-background=1048576"
    "memorysetup-job-temp-allocator-reduction-small-platforms=262144"
    "memorysetup-allocator-temp-initial-block-size-main=262144"
    "memorysetup-allocator-temp-initial-block-size-worker=262144"
    "memorysetup-temp-allocator-size-background-worker=32768"
    "memorysetup-temp-allocator-size-job-worker=262144"
    "memorysetup-temp-allocator-size-preload-manager=33554432"
    "memorysetup-temp-allocator-size-nav-mesh-worker=65536"
    "memorysetup-temp-allocator-size-audio-worker=65536"
    "memorysetup-temp-allocator-size-cloud-worker=32768"
    "memorysetup-temp-allocator-size-gi-baking-worker=262144"
    "memorysetup-temp-allocator-size-gfx=262144"
Player connection [12236] Host "[IP] 10.230.115.34 [Port] 0 [Flags] 2 [Guid] 3821039872 [EditorId] 3821039872 [Version] 1048832 [Id] WindowsEditor(7,LAPTOP-K93R0A3P) [Debug] 1 [PackageName] WindowsEditor [ProjectName] Editor" joined multi-casting on [225.0.0.222:54997]...

Player connection [12236] Host "[IP] 10.230.115.34 [Port] 0 [Flags] 2 [Guid] 3821039872 [EditorId] 3821039872 [Version] 1048832 [Id] WindowsEditor(7,LAPTOP-K93R0A3P) [Debug] 1 [PackageName] WindowsEditor [ProjectName] Editor" joined alternative multi-casting on [225.0.0.222:34997]...

Refreshing native plugins compatible for Editor in 39.96 ms, found 3 plugins.
Preloading 0 native plugins for Editor in 0.00 ms.
Initialize engine version: 2022.3.7f1 (b16b3b16c7a0)
[Subsystems] Discovering subsystems at path C:/Program Files/Unity/Hub/Editor/2022.3.7f1/Editor/Data/Resources/UnitySubsystems
[Subsystems] Discovering subsystems at path C:/Users/oliwi/Documents/GitHub/BiteHACK/ihyiyg/Assets
GfxDevice: creating device client; threaded=0; jobified=0
Direct3D:
    Version:  Direct3D 11.0 [level 11.1]
    Renderer: AMD Radeon(TM) Vega 8 Graphics (ID=0x15dd)
    Vendor:   ATI
    VRAM:     3867 MB
    Driver:   26.20.12036.1
Initialize mono
Mono path[0] = 'C:/Program Files/Unity/Hub/Editor/2022.3.7f1/Editor/Data/Managed'
Mono path[1] = 'C:/Program Files/Unity/Hub/Editor/2022.3.7f1/Editor/Data/MonoBleedingEdge/lib/mono/unityjit-win32'
Mono config path = 'C:/Program Files/Unity/Hub/Editor/2022.3.7f1/Editor/Data/MonoBleedingEdge/etc'
Using monoOptions --debugger-agent=transport=dt_socket,embedding=1,server=y,suspend=n,address=127.0.0.1:56552
Begin MonoManager ReloadAssembly
Registering precompiled unity dll's ...
Register platform support module: C:/Program Files/Unity/Hub/Editor/2022.3.7f1/Editor/Data/PlaybackEngines/WindowsStandaloneSupport/UnityEditor.WindowsStandalone.Extensions.dll
Registered in 0.043076 seconds.
- Loaded All Assemblies, in  1.739 seconds
Native extension for WindowsStandalone target not found
Mono: successfully reloaded assembly
- Finished resetting the current domain, in  1.177 seconds
Domain Reload Profiling: 2908ms
	BeginReloadAssembly (616ms)
		ExecutionOrderSort (0ms)
		DisableScriptedObjects (0ms)
		BackupInstance (0ms)
		ReleaseScriptingObjects (0ms)
		CreateAndSetChildDomain (3ms)
	RebuildCommonClasses (159ms)
	RebuildNativeTypeToScriptingClass (45ms)
	initialDomainReloadingComplete (293ms)
	LoadAllAssembliesAndSetupDomain (617ms)
		LoadAssemblies (605ms)
		RebuildTransferFunctionScriptingTraits (0ms)
		AnalyzeDomain (609ms)
			TypeCache.Refresh (600ms)
				TypeCache.ScanAssembly (542ms)
			ScanForSourceGeneratedMonoScriptInfo (2ms)
			ResolveRequiredComponents (5ms)
	FinalizeReload (1178ms)
		ReleaseScriptCaches (0ms)
		RebuildScriptCaches (0ms)
		SetupLoadedEditorAssemblies (928ms)
			LogAssemblyErrors (0ms)
			InitializePlatformSupportModulesInManaged (48ms)
			SetLoadedEditorAssemblies (31ms)
			RefreshPlugins (0ms)
			BeforeProcessingInitializeOnLoad (10ms)
			ProcessInitializeOnLoadAttributes (628ms)
			ProcessInitializeOnLoadMethodAttributes (210ms)
			AfterProcessingInitializeOnLoad (0ms)
			EditorAssembliesLoaded (0ms)
		ExecutionOrderSort2 (0ms)
		AwakeInstancesAfterBackupRestoration (0ms)
========================================================================
Worker process is ready to serve import requests
Begin MonoManager ReloadAssembly
Symbol file LoadedFromMemory doesn't match image C:\Users\oliwi\Documents\GitHub\BiteHACK\ihyiyg\Library\PackageCache\com.unity.visualscripting@1.8.0\Editor\VisualScripting.Core\Dependencies\YamlDotNet\Unity.VisualScripting.YamlDotNet.dll
Symbol file LoadedFromMemory doesn't match image C:\Users\oliwi\Documents\GitHub\BiteHACK\ihyiyg\Library\PackageCache\com.unity.visualscripting@1.8.0\Editor\VisualScripting.Core\Dependencies\DotNetZip\Unity.VisualScripting.IonicZip.dll
- Loaded All Assemblies, in  4.124 seconds
Refreshing native plugins compatible for Editor in 49.89 ms, found 3 plugins.
Native extension for WindowsStandalone target not found
Package Manager log level set to [2]
[Package Manager] Server::EnsureServerProcessIsRunning -- launch failed, reason: Unity was launched with the -noUpm command-line argument
[Package Manager] UpmClient::Send -- Unable to send message (not connected to UPM process).
[Package Manager] Cannot connect to Unity Package Manager local server
Mono: successfully reloaded assembly
- Finished resetting the current domain, in  4.524 seconds
Domain Reload Profiling: 8636ms
	BeginReloadAssembly (666ms)
		ExecutionOrderSort (0ms)
		DisableScriptedObjects (26ms)
		BackupInstance (0ms)
		ReleaseScriptingObjects (1ms)
		CreateAndSetChildDomain (88ms)
	RebuildCommonClasses (160ms)
	RebuildNativeTypeToScriptingClass (40ms)
	initialDomainReloadingComplete (178ms)
	LoadAllAssembliesAndSetupDomain (3067ms)
		LoadAssemblies (1524ms)
		RebuildTransferFunctionScriptingTraits (0ms)
		AnalyzeDomain (1919ms)
			TypeCache.Refresh (1182ms)
				TypeCache.ScanAssembly (907ms)
			ScanForSourceGeneratedMonoScriptInfo (707ms)
			ResolveRequiredComponents (25ms)
	FinalizeReload (4525ms)
		ReleaseScriptCaches (0ms)
		RebuildScriptCaches (0ms)
		SetupLoadedEditorAssemblies (3322ms)
			LogAssemblyErrors (0ms)
			InitializePlatformSupportModulesInManaged (48ms)
			SetLoadedEditorAssemblies (37ms)
			RefreshPlugins (0ms)
			BeforeProcessingInitializeOnLoad (460ms)
			ProcessInitializeOnLoadAttributes (2701ms)
			ProcessInitializeOnLoadMethodAttributes (50ms)
			AfterProcessingInitializeOnLoad (24ms)
			EditorAssembliesLoaded (0ms)
		ExecutionOrderSort2 (0ms)
		AwakeInstancesAfterBackupRestoration (18ms)
Launched and connected shader compiler UnityShaderCompiler.exe after 0.14 seconds
Refreshing native plugins compatible for Editor in 11.31 ms, found 3 plugins.
Preloading 0 native plugins for Editor in 0.00 ms.
Unloading 3099 Unused Serialized files (Serialized files now loaded: 0)
Unloading 31 unused Assets / (56.4 KB). Loaded Objects now: 3562.
Memory consumption went from 118.3 MB to 118.2 MB.
Total: 9.187100 ms (FindLiveObjects: 0.522800 ms CreateObjectMapping: 0.351600 ms MarkObjects: 8.033300 ms  DeleteObjects: 0.277100 ms)

AssetImportParameters requested are different than current active one (requested -> active):
  custom:container-demuxer-ogg: 62fdf1f143b41e24485cea50d1cbac27 -> 
  custom:video-codec-MediaFoundation-h265: 746d11721c4dcdbdad8f713fa42b33f4 -> 
  custom:video-decoder-ogg-theora: a1e56fd34408186e4bbccfd4996cb3dc -> 
  custom:framework-win-MediaFoundation: 216162199b28c13a410421893ffa2e32 -> 
  custom:CustomObjectIndexerAttribute: 756ad292c208cfabdd7b50bc23989ffe -> 
  custom:container-demuxer-webm: 4f35f7cbe854078d1ac9338744f61a02 -> 
  custom:container-muxer-webm: aa71ff27fc2769a1b78a27578f13a17b -> 
  custom:video-decoder-webm-vp8: 9c59270c3fd7afecdb556c50c9e8de78 -> 
  custom:SearchIndexIgnoredProperties: e643bd26f0fe6173181afceb89e7c659 -> 
  custom:AudioImporter_EditorPlatform: d09bf68614088b80899f8185d706f6e7 -> 
  custom:video-encoder-webm-vp8: eb34c28f22e8b96e1ab97ce403110664 -> 
  custom:audio-decoder-ogg-vorbis: bf7c407c2cedff20999df2af8eb42d56 -> 
  custom:audio-encoder-webm-vorbis: bf7c407c2cedff20999df2af8eb42d56 -> 
========================================================================
Received Import Request.
  Time since last request: 99468.710389 seconds.
  path: Assets/Sprites/Gnomes/Nowy folder/beachgoerGnomeSelected.png
  artifactKey: Guid(a1ad6823d78dab54492179bbac40a06d) Importer(815301076,1909f56bfc062723c751e8b465ee728b)
Start importing Assets/Sprites/Gnomes/Nowy folder/beachgoerGnomeSelected.png using Guid(a1ad6823d78dab54492179bbac40a06d) Importer(815301076,1909f56bfc062723c751e8b465ee728b)  -> (artifact id: '9686f248040aca47ce00eb07a684736e') in 0.208707 seconds
Number of updated asset objects reloaded before import = 0
Number of asset objects unloaded after import = 2
========================================================================
Received Import Request.
  Time since last request: 0.004440 seconds.
  path: Assets/Sprites/Gnomes/Nowy folder/shepherdGnomeWithAxeSelected.png
  artifactKey: Guid(5286ea7a2d77ea9499e70dd75be03141) Importer(815301076,1909f56bfc062723c751e8b465ee728b)
Start importing Assets/Sprites/Gnomes/Nowy folder/shepherdGnomeWithAxeSelected.png using Guid(5286ea7a2d77ea9499e70dd75be03141) Importer(815301076,1909f56bfc062723c751e8b465ee728b)  -> (artifact id: 'c5722928230cf5e7126aa6dd46916a2d') in 0.059193 seconds
Number of updated asset objects reloaded before import = 0
Number of asset objects unloaded after import = 2
========================================================================
Received Import Request.
  Time since last request: 0.000045 seconds.
  path: Assets/Sprites/Gnomes/Nowy folder/bodybuilderGnomeWithShovelSelected.png
  artifactKey: Guid(53b74b5745026a944a95b0ceef40cbdf) Importer(815301076,1909f56bfc062723c751e8b465ee728b)
Start importing Assets/Sprites/Gnomes/Nowy folder/bodybuilderGnomeWithShovelSelected.png using Guid(53b74b5745026a944a95b0ceef40cbdf) Importer(815301076,1909f56bfc062723c751e8b465ee728b)  -> (artifact id: 'c2da0d5b66c591bfe26ac235a935dd1b') in 0.067455 seconds
Number of updated asset objects reloaded before import = 0
Number of asset objects unloaded after import = 2
========================================================================
Received Import Request.
  Time since last request: 0.001330 seconds.
  path: Assets/Sprites/Gnomes/Nowy folder/bodybuilderGnomeSelected.png
  artifactKey: Guid(82c1306c1fc097b44b0884d807f7cb7d) Importer(815301076,1909f56bfc062723c751e8b465ee728b)
Start importing Assets/Sprites/Gnomes/Nowy folder/bodybuilderGnomeSelected.png using Guid(82c1306c1fc097b44b0884d807f7cb7d) Importer(815301076,1909f56bfc062723c751e8b465ee728b)  -> (artifact id: '4a2b900acb4896d81c1426cca5e94677') in 0.055615 seconds
Number of updated asset objects reloaded before import = 0
Number of asset objects unloaded after import = 2
========================================================================
Received Import Request.
  Time since last request: 0.000053 seconds.
  path: Assets/Sprites/Gnomes/Nowy folder/shepherdGnomeWithShovelSelected.png
  artifactKey: Guid(a2532400797e2a04a9303fd46c3b6f4f) Importer(815301076,1909f56bfc062723c751e8b465ee728b)
Start importing Assets/Sprites/Gnomes/Nowy folder/shepherdGnomeWithShovelSelected.png using Guid(a2532400797e2a04a9303fd46c3b6f4f) Importer(815301076,1909f56bfc062723c751e8b465ee728b)  -> (artifact id: 'cb3b788debc1073b852abc7605cadd6c') in 0.080259 seconds
Number of updated asset objects reloaded before import = 0
Number of asset objects unloaded after import = 2
========================================================================
Received Import Request.
  Time since last request: 0.000318 seconds.
  path: Assets/Sprites/Gnomes/Nowy folder/shepherdGnomeSelected.png
  artifactKey: Guid(8a9ffceca0ae78d4285312bf3b3c946f) Importer(815301076,1909f56bfc062723c751e8b465ee728b)
Start importing Assets/Sprites/Gnomes/Nowy folder/shepherdGnomeSelected.png using Guid(8a9ffceca0ae78d4285312bf3b3c946f) Importer(815301076,1909f56bfc062723c751e8b465ee728b)  -> (artifact id: 'b90f9e113969ba25107b440ab40878a9') in 0.064244 seconds
Number of updated asset objects reloaded before import = 0
Number of asset objects unloaded after import = 2
========================================================================
Received Import Request.
  Time since last request: 0.000063 seconds.
  path: Assets/Sprites/Gnomes/Nowy folder/girlGnomeSelected.png
  artifactKey: Guid(80e23b75e78fc5140a8e314b89bff842) Importer(815301076,1909f56bfc062723c751e8b465ee728b)
Start importing Assets/Sprites/Gnomes/Nowy folder/girlGnomeSelected.png using Guid(80e23b75e78fc5140a8e314b89bff842) Importer(815301076,1909f56bfc062723c751e8b465ee728b)  -> (artifact id: 'c0bbb65321d9d789c0ad8f39797ae44b') in 0.055342 seconds
Number of updated asset objects reloaded before import = 0
Number of asset objects unloaded after import = 2
========================================================================
Received Import Request.
  Time since last request: 0.000133 seconds.
  path: Assets/Sprites/Gnomes/Nowy folder/shepherdGnomeWithPrunerSelected.png
  artifactKey: Guid(3f847f3773f9d3b419a5590c3763c829) Importer(815301076,1909f56bfc062723c751e8b465ee728b)
Start importing Assets/Sprites/Gnomes/Nowy folder/shepherdGnomeWithPrunerSelected.png using Guid(3f847f3773f9d3b419a5590c3763c829) Importer(815301076,1909f56bfc062723c751e8b465ee728b)  -> (artifact id: '1c595bcc935daf2189661d61ee548e6d') in 0.050395 seconds
Number of updated asset objects reloaded before import = 0
Number of asset objects unloaded after import = 2
========================================================================
Received Import Request.
  Time since last request: 0.000067 seconds.
  path: Assets/Sprites/Gnomes/Nowy folder/manGnomeSelected.png
  artifactKey: Guid(c84f0efcfc8d77648a5bcfc0b4393b9b) Importer(815301076,1909f56bfc062723c751e8b465ee728b)
Start importing Assets/Sprites/Gnomes/Nowy folder/manGnomeSelected.png using Guid(c84f0efcfc8d77648a5bcfc0b4393b9b) Importer(815301076,1909f56bfc062723c751e8b465ee728b)  -> (artifact id: '23f581493d61f2abf390986e1ff9c869') in 0.050686 seconds
Number of updated asset objects reloaded before import = 0
Number of asset objects unloaded after import = 2
========================================================================
Received Import Request.
  Time since last request: 0.000097 seconds.
  path: Assets/Sprites/Gnomes/Nowy folder/manGnomeWithAxeSelected.png
  artifactKey: Guid(f3f578720ca11ba4c9341369be010d74) Importer(815301076,1909f56bfc062723c751e8b465ee728b)
Start importing Assets/Sprites/Gnomes/Nowy folder/manGnomeWithAxeSelected.png using Guid(f3f578720ca11ba4c9341369be010d74) Importer(815301076,1909f56bfc062723c751e8b465ee728b)  -> (artifact id: 'f57ee2b24a710cc26c401d9c2814a42f') in 0.056118 seconds
Number of updated asset objects reloaded before import = 0
Number of asset objects unloaded after import = 2
========================================================================
Received Import Request.
  Time since last request: 0.000091 seconds.
  path: Assets/Sprites/Gnomes/Nowy folder/bodybuilderGnomeWithAxeSelected.png
  artifactKey: Guid(c9bfa850d09b3c84d84d335fde301c75) Importer(815301076,1909f56bfc062723c751e8b465ee728b)
Start importing Assets/Sprites/Gnomes/Nowy folder/bodybuilderGnomeWithAxeSelected.png using Guid(c9bfa850d09b3c84d84d335fde301c75) Importer(815301076,1909f56bfc062723c751e8b465ee728b)  -> (artifact id: 'fd0dcade5068987ee3032605fab44b75') in 0.050190 seconds
Number of updated asset objects reloaded before import = 0
Number of asset objects unloaded after import = 2
========================================================================
Received Import Request.
  Time since last request: 0.000208 seconds.
  path: Assets/Sprites/Gnomes/Nowy folder/girlGnomeWithAxeSelected.png
  artifactKey: Guid(5448669b30f3edc498d90115e7958f5b) Importer(815301076,1909f56bfc062723c751e8b465ee728b)
Start importing Assets/Sprites/Gnomes/Nowy folder/girlGnomeWithAxeSelected.png using Guid(5448669b30f3edc498d90115e7958f5b) Importer(815301076,1909f56bfc062723c751e8b465ee728b)  -> (artifact id: 'e0969ea33ba190d5cd25126c801215fe') in 0.054466 seconds
Number of updated asset objects reloaded before import = 0
Number of asset objects unloaded after import = 2
========================================================================
Received Import Request.
  Time since last request: 48.705730 seconds.
  path: Assets/Sprites/Gnomes/beachgoerGnomeWithAxeSelected.png
  artifactKey: Guid(69bbb20eea9e58d4cbe7f4092630f012) Importer(815301076,1909f56bfc062723c751e8b465ee728b)
Start importing Assets/Sprites/Gnomes/beachgoerGnomeWithAxeSelected.png using Guid(69bbb20eea9e58d4cbe7f4092630f012) Importer(815301076,1909f56bfc062723c751e8b465ee728b)  -> (artifact id: 'c76c6822c14c12715bcbfc33d43fd495') in 0.257280 seconds
Number of updated asset objects reloaded before import = 0
Number of asset objects unloaded after import = 3
========================================================================
Received Import Request.
  Time since last request: 0.000074 seconds.
  path: Assets/Sprites/Gnomes/shepherdGnomeWithAxeSelected.png
  artifactKey: Guid(5286ea7a2d77ea9499e70dd75be03141) Importer(815301076,1909f56bfc062723c751e8b465ee728b)
Start importing Assets/Sprites/Gnomes/shepherdGnomeWithAxeSelected.png using Guid(5286ea7a2d77ea9499e70dd75be03141) Importer(815301076,1909f56bfc062723c751e8b465ee728b)  -> (artifact id: 'ff02bc6722f9c2bcf573813010fae557') in 0.097136 seconds
Number of updated asset objects reloaded before import = 0
Number of asset objects unloaded after import = 3
========================================================================
Received Import Request.
  Time since last request: 0.000209 seconds.
  path: Assets/Sprites/Gnomes/bodybuilderGnomeSelected.png
  artifactKey: Guid(82c1306c1fc097b44b0884d807f7cb7d) Importer(815301076,1909f56bfc062723c751e8b465ee728b)
Start importing Assets/Sprites/Gnomes/bodybuilderGnomeSelected.png using Guid(82c1306c1fc097b44b0884d807f7cb7d) Importer(815301076,1909f56bfc062723c751e8b465ee728b)  -> (artifact id: 'de6ea87120d844cab6028a0407492e3b') in 0.107578 seconds
Number of updated asset objects reloaded before import = 0
Number of asset objects unloaded after import = 3
========================================================================
Received Import Request.
  Time since last request: 0.000356 seconds.
  path: Assets/Sprites/Gnomes/girlGnomeWithShovelSelected.png
  artifactKey: Guid(b6a607c3980cfc9479fc5c2fd1617f93) Importer(815301076,1909f56bfc062723c751e8b465ee728b)
Start importing Assets/Sprites/Gnomes/girlGnomeWithShovelSelected.png using Guid(b6a607c3980cfc9479fc5c2fd1617f93) Importer(815301076,1909f56bfc062723c751e8b465ee728b)  -> (artifact id: 'c32e52f2abe5d26a814cac603d0067aa') in 0.101661 seconds
Number of updated asset objects reloaded before import = 0
Number of asset objects unloaded after import = 3
========================================================================
Received Import Request.
  Time since last request: 0.000076 seconds.
  path: Assets/Sprites/Gnomes/bodybuilderGnomeWithPrunerSelected.png
  artifactKey: Guid(d889e5eb490ce8947bf735e384ca5ba4) Importer(815301076,1909f56bfc062723c751e8b465ee728b)
Start importing Assets/Sprites/Gnomes/bodybuilderGnomeWithPrunerSelected.png using Guid(d889e5eb490ce8947bf735e384ca5ba4) Importer(815301076,1909f56bfc062723c751e8b465ee728b)  -> (artifact id: '44e4411b1284d317beee3d2cb242a041') in 0.090488 seconds
Number of updated asset objects reloaded before import = 0
Number of asset objects unloaded after import = 3
========================================================================
Received Import Request.
  Time since last request: 0.000773 seconds.
  path: Assets/Sprites/Gnomes/girlGnomeWithPrunerSelected.png
  artifactKey: Guid(a9b534a1cbd527248a7cb91e2e247228) Importer(815301076,1909f56bfc062723c751e8b465ee728b)
Start importing Assets/Sprites/Gnomes/girlGnomeWithPrunerSelected.png using Guid(a9b534a1cbd527248a7cb91e2e247228) Importer(815301076,1909f56bfc062723c751e8b465ee728b)  -> (artifact id: '45f9c21f6c22b1037c2bb6b9cfff7d93') in 0.095871 seconds
Number of updated asset objects reloaded before import = 0
Number of asset objects unloaded after import = 3
========================================================================
Received Prepare
Begin MonoManager ReloadAssembly
Symbol file LoadedFromMemory doesn't match image C:\Users\oliwi\Documents\GitHub\BiteHACK\ihyiyg\Library\PackageCache\com.unity.visualscripting@1.8.0\Editor\VisualScripting.Core\Dependencies\YamlDotNet\Unity.VisualScripting.YamlDotNet.dll
Symbol file LoadedFromMemory doesn't match image C:\Users\oliwi\Documents\GitHub\BiteHACK\ihyiyg\Library\PackageCache\com.unity.visualscripting@1.8.0\Editor\VisualScripting.Core\Dependencies\DotNetZip\Unity.VisualScripting.IonicZip.dll
- Loaded All Assemblies, in  2.567 seconds
Refreshing native plugins compatible for Editor in 10.76 ms, found 3 plugins.
Native extension for WindowsStandalone target not found
[Package Manager] Server::EnsureServerProcessIsRunning -- launch failed, reason: Unity was launched with the -noUpm command-line argument
[Package Manager] UpmClient::Send -- Unable to send message (not connected to UPM process).
[Package Manager] Cannot connect to Unity Package Manager local server
Mono: successfully reloaded assembly
- Finished resetting the current domain, in  3.664 seconds
Domain Reload Profiling: 6226ms
	BeginReloadAssembly (890ms)
		ExecutionOrderSort (0ms)
		DisableScriptedObjects (34ms)
		BackupInstance (0ms)
		ReleaseScriptingObjects (2ms)
		CreateAndSetChildDomain (331ms)
	RebuildCommonClasses (101ms)
	RebuildNativeTypeToScriptingClass (38ms)
	initialDomainReloadingComplete (101ms)
	LoadAllAssembliesAndSetupDomain (1430ms)
		LoadAssemblies (1693ms)
		RebuildTransferFunctionScriptingTraits (0ms)
		AnalyzeDomain (108ms)
			TypeCache.Refresh (42ms)
				TypeCache.ScanAssembly (2ms)
			ScanForSourceGeneratedMonoScriptInfo (30ms)
			ResolveRequiredComponents (33ms)
	FinalizeReload (3667ms)
		ReleaseScriptCaches (0ms)
		RebuildScriptCaches (0ms)
		SetupLoadedEditorAssemblies (1760ms)
			LogAssemblyErrors (0ms)
			InitializePlatformSupportModulesInManaged (28ms)
			SetLoadedEditorAssemblies (12ms)
			RefreshPlugins (0ms)
			BeforeProcessingInitializeOnLoad (172ms)
			ProcessInitializeOnLoadAttributes (1456ms)
			ProcessInitializeOnLoadMethodAttributes (63ms)
			AfterProcessingInitializeOnLoad (27ms)
			EditorAssembliesLoaded (1ms)
		ExecutionOrderSort2 (0ms)
		AwakeInstancesAfterBackupRestoration (19ms)
Refreshing native plugins compatible for Editor in 9.81 ms, found 3 plugins.
Preloading 0 native plugins for Editor in 0.00 ms.
Unloading 3078 Unused Serialized files (Serialized files now loaded: 0)
Unloading 22 unused Assets / (30.5 KB). Loaded Objects now: 3572.
Memory consumption went from 118.5 MB to 118.5 MB.
Total: 12.663500 ms (FindLiveObjects: 0.824500 ms CreateObjectMapping: 0.318800 ms MarkObjects: 11.359600 ms  DeleteObjects: 0.157900 ms)

Prepare: number of updated asset objects reloaded= 0
AssetImportParameters requested are different than current active one (requested -> active):
  custom:container-demuxer-ogg: 62fdf1f143b41e24485cea50d1cbac27 -> 
  custom:video-codec-MediaFoundation-h265: 746d11721c4dcdbdad8f713fa42b33f4 -> 
  custom:video-decoder-ogg-theora: a1e56fd34408186e4bbccfd4996cb3dc -> 
  custom:framework-win-MediaFoundation: 216162199b28c13a410421893ffa2e32 -> 
  custom:CustomObjectIndexerAttribute: 756ad292c208cfabdd7b50bc23989ffe -> 
  custom:container-demuxer-webm: 4f35f7cbe854078d1ac9338744f61a02 -> 
  custom:container-muxer-webm: aa71ff27fc2769a1b78a27578f13a17b -> 
  custom:video-decoder-webm-vp8: 9c59270c3fd7afecdb556c50c9e8de78 -> 
  custom:SearchIndexIgnoredProperties: e643bd26f0fe6173181afceb89e7c659 -> 
  custom:AudioImporter_EditorPlatform: d09bf68614088b80899f8185d706f6e7 -> 
  custom:video-encoder-webm-vp8: eb34c28f22e8b96e1ab97ce403110664 -> 
  custom:audio-decoder-ogg-vorbis: bf7c407c2cedff20999df2af8eb42d56 -> 
  custom:audio-encoder-webm-vorbis: bf7c407c2cedff20999df2af8eb42d56 -> 
========================================================================
Received Import Request.
  Time since last request: 2538.168958 seconds.
  path: Assets/Sprites/Plants/b_bush2.png
  artifactKey: Guid(ec1fe47cb3bbc8945857f16ad1d339a2) Importer(815301076,1909f56bfc062723c751e8b465ee728b)
Start importing Assets/Sprites/Plants/b_bush2.png using Guid(ec1fe47cb3bbc8945857f16ad1d339a2) Importer(815301076,1909f56bfc062723c751e8b465ee728b)  -> (artifact id: '0d453f8d3f56c2eaafde97f4983d824e') in 0.385227 seconds
Number of updated asset objects reloaded before import = 0
Number of asset objects unloaded after import = 2
========================================================================
Received Import Request.
  Time since last request: 0.000081 seconds.
  path: Assets/Sprites/Plants/wheelbarrow.png
  artifactKey: Guid(6e7901c9362ab8a4fa9c9ac1be62a728) Importer(815301076,1909f56bfc062723c751e8b465ee728b)
Start importing Assets/Sprites/Plants/wheelbarrow.png using Guid(6e7901c9362ab8a4fa9c9ac1be62a728) Importer(815301076,1909f56bfc062723c751e8b465ee728b)  -> (artifact id: 'c9efc04cb16fab40d90f8406f910cd4a') in 0.068160 seconds
Number of updated asset objects reloaded before import = 0
Number of asset objects unloaded after import = 2
========================================================================
Received Import Request.
  Time since last request: 0.000077 seconds.
  path: Assets/Sprites/Plants/b_patch.png
  artifactKey: Guid(2e264b2b52fa9e84ca5d346633e75bc0) Importer(815301076,1909f56bfc062723c751e8b465ee728b)
Start importing Assets/Sprites/Plants/b_patch.png using Guid(2e264b2b52fa9e84ca5d346633e75bc0) Importer(815301076,1909f56bfc062723c751e8b465ee728b)  -> (artifact id: '467d82bcbe0bf4b5be5ba13e67251ad6') in 0.061176 seconds
Number of updated asset objects reloaded before import = 0
Number of asset objects unloaded after import = 2
========================================================================
Received Import Request.
  Time since last request: 0.000031 seconds.
  path: Assets/Sprites/Plants/patch.png
  artifactKey: Guid(93ce440035939ba489b30bb9d4bdfcc2) Importer(815301076,1909f56bfc062723c751e8b465ee728b)
Start importing Assets/Sprites/Plants/patch.png using Guid(93ce440035939ba489b30bb9d4bdfcc2) Importer(815301076,1909f56bfc062723c751e8b465ee728b)  -> (artifact id: '3dd7fc6c5e84af0c18493da5270fcad8') in 0.049507 seconds
Number of updated asset objects reloaded before import = 0
Number of asset objects unloaded after import = 2
========================================================================
Received Import Request.
  Time since last request: 0.000032 seconds.
  path: Assets/Sprites/Plants/b_tree.png
  artifactKey: Guid(b49407f1c3d386f4ab072232d0f58ff1) Importer(815301076,1909f56bfc062723c751e8b465ee728b)
Start importing Assets/Sprites/Plants/b_tree.png using Guid(b49407f1c3d386f4ab072232d0f58ff1) Importer(815301076,1909f56bfc062723c751e8b465ee728b)  -> (artifact id: '5ec9b88d6f8a8ef1d311a7213beb8433') in 0.060870 seconds
Number of updated asset objects reloaded before import = 0
Number of asset objects unloaded after import = 2
========================================================================
Received Import Request.
  Time since last request: 0.000039 seconds.
  path: Assets/Sprites/Plants/b_stone.png
  artifactKey: Guid(fde402b8a240bdc4481d40fd059e6fb1) Importer(815301076,1909f56bfc062723c751e8b465ee728b)
Start importing Assets/Sprites/Plants/b_stone.png using Guid(fde402b8a240bdc4481d40fd059e6fb1) Importer(815301076,1909f56bfc062723c751e8b465ee728b)  -> (artifact id: 'f9765f403f592dae2fcd82a81be010b1') in 0.044441 seconds
Number of updated asset objects reloaded before import = 0
Number of asset objects unloaded after import = 2
========================================================================
Received Import Request.
  Time since last request: 0.000055 seconds.
  path: Assets/Sprites/Plants/tools.png
  artifactKey: Guid(ea1abdd1e5299334881d9b2a24815035) Importer(815301076,1909f56bfc062723c751e8b465ee728b)
Start importing Assets/Sprites/Plants/tools.png using Guid(ea1abdd1e5299334881d9b2a24815035) Importer(815301076,1909f56bfc062723c751e8b465ee728b)  -> (artifact id: '094ee944724b2cdd0dc2a96b126b6eb2') in 0.048865 seconds
Number of updated asset objects reloaded before import = 0
Number of asset objects unloaded after import = 2
========================================================================
Received Import Request.
  Time since last request: 53.488509 seconds.
  path: Assets/Sprites/Plants/b_bush2.png
  artifactKey: Guid(ec1fe47cb3bbc8945857f16ad1d339a2) Importer(815301076,1909f56bfc062723c751e8b465ee728b)
Start importing Assets/Sprites/Plants/b_bush2.png using Guid(ec1fe47cb3bbc8945857f16ad1d339a2) Importer(815301076,1909f56bfc062723c751e8b465ee728b)  -> (artifact id: 'd5bfeb1b89e71f8fe9a8ff47823dfc7c') in 0.166299 seconds
Number of updated asset objects reloaded before import = 0
Number of asset objects unloaded after import = 3
========================================================================
Received Import Request.
  Time since last request: 0.000046 seconds.
  path: Assets/Sprites/Plants/gnome_slot.png
  artifactKey: Guid(c5045b5dd236d9f4b8f3de9c6291fe39) Importer(815301076,1909f56bfc062723c751e8b465ee728b)
Start importing Assets/Sprites/Plants/gnome_slot.png using Guid(c5045b5dd236d9f4b8f3de9c6291fe39) Importer(815301076,1909f56bfc062723c751e8b465ee728b)  -> (artifact id: '9ac806c88d11d702db571ea55ae8ded0') in 0.067303 seconds
Number of updated asset objects reloaded before import = 0
Number of asset objects unloaded after import = 3
========================================================================
Received Import Request.
  Time since last request: 0.000479 seconds.
  path: Assets/Sprites/Plants/wheelbarrow.png
  artifactKey: Guid(6e7901c9362ab8a4fa9c9ac1be62a728) Importer(815301076,1909f56bfc062723c751e8b465ee728b)
Start importing Assets/Sprites/Plants/wheelbarrow.png using Guid(6e7901c9362ab8a4fa9c9ac1be62a728) Importer(815301076,1909f56bfc062723c751e8b465ee728b)  -> (artifact id: 'ba79b1766e067d64a5364d1af92126c2') in 0.081797 seconds
Number of updated asset objects reloaded before import = 0
Number of asset objects unloaded after import = 3
========================================================================
Received Import Request.
  Time since last request: 0.000041 seconds.
  path: Assets/Sprites/Plants/b_wheelbarrow.png
  artifactKey: Guid(d5c11385188c962449da00000e86c22f) Importer(815301076,1909f56bfc062723c751e8b465ee728b)
Start importing Assets/Sprites/Plants/b_wheelbarrow.png using Guid(d5c11385188c962449da00000e86c22f) Importer(815301076,1909f56bfc062723c751e8b465ee728b)  -> (artifact id: '30269b6b5bf38e36a32e19f30cb25bb5') in 0.073033 seconds
Number of updated asset objects reloaded before import = 0
Number of asset objects unloaded after import = 3
Editor requested this worker to shutdown with reason: Scaling down because of idle timeout
TcpMessagingSession - receive error
AssetImportWorkerClient::OnTransportError - code=2 error=End of file
AssetImportWorker is now disconnected from the server
Process exiting
Exiting without the bug reporter. Application will terminate with return code 0